{
  "stats": {
    "suites": 1,
    "tests": 1,
    "passes": 0,
    "pending": 0,
    "failures": 1,
    "start": "2025-02-07T10:13:03.179Z",
    "end": "2025-02-07T10:13:13.739Z",
    "duration": 10560,
    "testsRegistered": 1,
    "passPercent": 0,
    "pendingPercent": 0,
    "other": 0,
    "hasOther": false,
    "skipped": 0,
    "hasSkipped": false
  },
  "results": [
    {
      "uuid": "9a0a27fb-262e-4b64-a96d-8a6fbeaab1f8",
      "title": "",
      "fullFile": "cypress\\e2e\\login-account.cy.js",
      "file": "cypress\\e2e\\login-account.cy.js",
      "beforeHooks": [],
      "afterHooks": [],
      "tests": [],
      "suites": [
        {
          "uuid": "aaed7263-9134-4262-831e-7ca362116248",
          "title": "Panorra Website Tests",
          "fullFile": "",
          "file": "",
          "beforeHooks": [],
          "afterHooks": [],
          "tests": [
            {
              "title": "should log in and navigate through the website",
              "fullTitle": "Panorra Website Tests should log in and navigate through the website",
              "timedOut": null,
              "duration": 7731,
              "state": "failed",
              "speed": null,
              "pass": false,
              "fail": true,
              "pending": false,
              "context": null,
              "code": "// Mengunjungi situs web\ncy.visit('https://panorra.com?test=true');\n// masukkan kode test\ncy.get('.form-control').type('kmzway88saa');\ncy.get('.modal-footer > .btn-primary').click();\n// button login clicked\ncy.get('.header-right > .btn-primary').click();\n// isi form\ncy.get('.mb-2 > .form-control').type('wildansholihan0@gmail.com');\ncy.get('.mb-4 > .form-control').type('wildansh0895');\n// click button login\ncy.get('.d-grid > .btn').click();\ncy.wait(5000); // Tunggu sementara sebelum memastikan page reload\n// Mengunjungi kembali URL dengan ?test=true\ncy.location('href').then(url => {\n  cy.visit(url + '?test=true');\n});\n// masukkan kode test\ncy.get('.modal-body > .form-control').type('kmzway88saa');\ncy.get('.modal-footer > .btn-primary').click();\n// profile click\ncy.get('.header-right__action > .btn-tranperent').click();\ncy.get(':nth-child(1) > .link-menu-setting').click();\n// post clicked\ncy.get('a > .w-100').click();\n// comment 5x menggunakan loop\nfor (let i = 0; i < 23; i++) {\n  cy.get('.detail__footer').type('a{enter}').should('be.visible');\n  cy.wait(2000);\n}",
              "err": {
                "message": "AssertionError: Timed out retrying after 4000ms: Expected to find element: `.form-control`, but never found it.",
                "estack": "AssertionError: Timed out retrying after 4000ms: Expected to find element: `.form-control`, but never found it.\n    at Context.eval (webpack://cypress-panorra-pwa/./cypress/e2e/login-account.cy.js:14:7)",
                "diff": null
              },
              "uuid": "6d71675b-be16-4eca-94ed-16b6bb0ca045",
              "parentUUID": "aaed7263-9134-4262-831e-7ca362116248",
              "isHook": false,
              "skipped": false
            }
          ],
          "suites": [],
          "passes": [],
          "failures": [
            "6d71675b-be16-4eca-94ed-16b6bb0ca045"
          ],
          "pending": [],
          "skipped": [],
          "duration": 7731,
          "root": false,
          "rootEmpty": false,
          "_timeout": 2000
        }
      ],
      "passes": [],
      "failures": [],
      "pending": [],
      "skipped": [],
      "duration": 0,
      "root": true,
      "rootEmpty": true,
      "_timeout": 2000
    }
  ],
  "meta": {
    "mocha": {
      "version": "7.0.1"
    },
    "mochawesome": {
      "options": {
        "quiet": false,
        "reportFilename": "my-report",
        "saveHtml": false,
        "saveJson": true,
        "consoleReporter": "spec",
        "useInlineDiffs": false,
        "code": true
      },
      "version": "7.1.3"
    },
    "marge": {
      "options": {
        "charts": true,
        "json": true,
        "reportsDir": "reports/your-reports-folder",
        "reportFilename": "my-report",
        "overwrite": false,
        "html": false,
        "reportDir": "cypress\\reports\\html\\.jsons"
      },
      "version": "6.2.0"
    }
  }
}